SplitBall/app/build/intermediates/manifest_merge_blame_file/debug/manifest-merger-blame-debug-report.txt
1<?xml version="1.0" encoding="utf-8"?>
2<manifest xmlns:android="http://schemas.android.com/apk/res/android"
3    package="com.example.splitball"
4    android:versionCode="1"
5    android:versionName="1.0" >
6
7    <uses-sdk
8        android:minSdkVersion="21"
8-->src/main/AndroidManifest.xml
9        android:targetSdkVersion="34" />
9-->src/main/AndroidManifest.xml
10
11    <application
11-->src/main/AndroidManifest.xml:5:5-35:19
12        android:appComponentFactory="androidx.core.app.CoreComponentFactory"
12-->[androidx.core:core:1.7.0] AndroidManifest.xml:24:18-86
13        android:debuggable="true"
14        android:icon="@mipmap/ic_launcher"
14-->src/main/AndroidManifest.xml:6:9-43
15        android:label="@string/app_name"
15-->src/main/AndroidManifest.xml:7:9-41
16        android:testOnly="true"
17        android:theme="@style/Theme.SplitBall" >
17-->src/main/AndroidManifest.xml:8:9-47
18        <activity
18-->src/main/AndroidManifest.xml:9:9-17:20
19            android:name="com.example.splitball.MainMenu"
19-->src/main/AndroidManifest.xml:10:13-37
20            android:exported="true" >
20-->src/main/AndroidManifest.xml:11:13-36
21            <intent-filter>
21-->src/main/AndroidManifest.xml:12:13-16:29
22                <action android:name="android.intent.action.MAIN" />
22-->src/main/AndroidManifest.xml:13:17-69
22-->src/main/AndroidManifest.xml:13:25-66
23
24                <category android:name="android.intent.category.LAUNCHER" />
24-->src/main/AndroidManifest.xml:15:17-77
24-->src/main/AndroidManifest.xml:15:27-74
25            </intent-filter>
26        </activity>
27        <activity android:name="com.example.splitball.Classroom" />
27-->src/main/AndroidManifest.xml:18:9-47
27-->src/main/AndroidManifest.xml:18:19-44
28        <activity android:name="com.example.splitball.Settings" />
28-->src/main/AndroidManifest.xml:19:9-46
28-->src/main/AndroidManifest.xml:19:19-43
29        <activity android:name="com.example.splitball.Languages" />
29-->src/main/AndroidManifest.xml:20:9-47
29-->src/main/AndroidManifest.xml:20:19-44
30        <activity android:name="com.example.splitball.LanguagesSP" />
30-->src/main/AndroidManifest.xml:21:9-49
30-->src/main/AndroidManifest.xml:21:19-46
31        <activity android:name="com.example.splitball.Leaderboard" />
31-->src/main/AndroidManifest.xml:22:9-49
31-->src/main/AndroidManifest.xml:22:19-46
32        <activity android:name="com.example.splitball.LeaderboardSP" />
32-->src/main/AndroidManifest.xml:23:9-51
32-->src/main/AndroidManifest.xml:23:19-48
33        <activity android:name="com.example.splitball.MainMenuSP" />
33-->src/main/AndroidManifest.xml:24:9-48
33-->src/main/AndroidManifest.xml:24:19-45
34        <activity android:name="com.example.splitball.Music" />
34-->src/main/AndroidManifest.xml:25:9-43
34-->src/main/AndroidManifest.xml:25:19-40
35        <activity android:name="com.example.splitball.MusicSP" />
35-->src/main/AndroidManifest.xml:26:9-45
35-->src/main/AndroidManifest.xml:26:19-42
36        <activity android:name="com.example.splitball.Mute" />
36-->src/main/AndroidManifest.xml:27:9-42
36-->src/main/AndroidManifest.xml:27:19-39
37        <activity android:name="com.example.splitball.MuteSP" />
37-->src/main/AndroidManifest.xml:28:9-44
37-->src/main/AndroidManifest.xml:28:19-41
38        <activity android:name="com.example.splitball.PauseScreen" />
38-->src/main/AndroidManifest.xml:29:9-49
38-->src/main/AndroidManifest.xml:29:19-46
39        <activity android:name="com.example.splitball.SettingsSP" />
39-->src/main/AndroidManifest.xml:30:9-48
39-->src/main/AndroidManifest.xml:30:19-45
40        <activity android:name="com.example.splitball.SFX" />
40-->src/main/AndroidManifest.xml:31:9-41
40-->src/main/AndroidManifest.xml:31:19-38
41        <activity android:name="com.example.splitball.SFXSP" />
41-->src/main/AndroidManifest.xml:32:9-43
41-->src/main/AndroidManifest.xml:32:19-40
42        <activity android:name="com.example.splitball.Social" />
42-->src/main/AndroidManifest.xml:33:9-44
42-->src/main/AndroidManifest.xml:33:19-41
43        <activity android:name="com.example.splitball.SocialSP" />
43-->src/main/AndroidManifest.xml:34:9-46
43-->src/main/AndroidManifest.xml:34:19-43
44
45        <provider
45-->[androidx.emoji2:emoji2:1.0.0] AndroidManifest.xml:26:9-34:20
46            android:name="androidx.startup.InitializationProvider"
46-->[androidx.emoji2:emoji2:1.0.0] AndroidManifest.xml:27:13-67
47            android:authorities="com.example.splitball.androidx-startup"
47-->[androidx.emoji2:emoji2:1.0.0] AndroidManifest.xml:28:13-68
48            android:exported="false" >
48-->[androidx.emoji2:emoji2:1.0.0] AndroidManifest.xml:29:13-37
49            <meta-data
49-->[androidx.emoji2:emoji2:1.0.0] AndroidManifest.xml:31:13-33:52
50                android:name="androidx.emoji2.text.EmojiCompatInitializer"
50-->[androidx.emoji2:emoji2:1.0.0] AndroidManifest.xml:32:17-75
51                android:value="androidx.startup" />
51-->[androidx.emoji2:emoji2:1.0.0] AndroidManifest.xml:33:17-49
52            <meta-data
52-->[androidx.lifecycle:lifecycle-process:2.4.0] AndroidManifest.xml:31:13-33:52
53                android:name="androidx.lifecycle.ProcessLifecycleInitializer"
53-->[androidx.lifecycle:lifecycle-process:2.4.0] AndroidManifest.xml:32:17-78
54                android:value="androidx.startup" />
54-->[androidx.lifecycle:lifecycle-process:2.4.0] AndroidManifest.xml:33:17-49
55        </provider>
56    </application>
57
58</manifest>